{"numTotalTestSuites":124,"numPassedTestSuites":124,"numFailedTestSuites":0,"numPendingTestSuites":0,"numTotalTests":482,"numPassedTests":482,"numFailedTests":0,"numPendingTests":0,"numTodoTests":0,"snapshot":{"added":0,"failure":false,"filesAdded":0,"filesRemoved":0,"filesRemovedList":[],"filesUnmatched":0,"filesUpdated":0,"matched":0,"total":0,"unchecked":0,"uncheckedKeysByFile":[],"unmatched":0,"updated":0,"didUpdate":false},"startTime":1773024771135,"success":true,"testResults":[{"assertionResults":[{"ancestorTitles":["App AI Command Bar"],"fullName":"App AI Command Bar renders the AI command bar with input","status":"passed","title":"renders the AI command bar with input","duration":76.80075000000033,"failureMessages":[],"meta":{}},{"ancestorTitles":["App AI Command Bar"],"fullName":"App AI Command Bar renders the toolbar with search and controls","status":"passed","title":"renders the toolbar with search and controls","duration":29.780333000000155,"failureMessages":[],"meta":{}},{"ancestorTitles":["App AI Command Bar"],"fullName":"App AI Command Bar opens the help center from the toolbar","status":"passed","title":"opens the help center from the toolbar","duration":152.791792,"failureMessages":[],"meta":{}},{"ancestorTitles":["App AI Command Bar"],"fullName":"App AI Command Bar opens deep-dive modal from dashboard cards","status":"passed","title":"opens deep-dive modal from dashboard cards","duration":84.73962500000016,"failureMessages":[],"meta":{}},{"ancestorTitles":["App AI Command Bar"],"fullName":"App AI Command Bar shows workspace mode selector in settings","status":"passed","title":"shows workspace mode selector in settings","duration":37.87120899999991,"failureMessages":[],"meta":{}},{"ancestorTitles":["App AI Command Bar"],"fullName":"App AI Command Bar renders network basic mode hint when simplified mode is active","status":"passed","title":"renders network basic mode hint when simplified mode is active","duration":23.049082999999882,"failureMessages":[],"meta":{}}],"startTime":1773024773403,"endTime":1773024773808.049,"status":"passed","message":"","name":"/Users/jorge/Documents/Apps/omnimon_apps/macmon/v4/apps/desktop/src/__tests__/App.test.ts"},{"assertionResults":[{"ancestorTitles":["AIChat"],"fullName":"AIChat renderiza sin errores","status":"passed","title":"renderiza sin errores","duration":38.18145800000002,"failureMessages":[],"meta":{}},{"ancestorTitles":["AIChat"],"fullName":"AIChat muestra mensajes en la lista","status":"passed","title":"muestra mensajes en la lista","duration":12.472208000000137,"failureMessages":[],"meta":{}},{"ancestorTitles":["AIChat"],"fullName":"AIChat envia mensaje al presionar Enter","status":"passed","title":"envia mensaje al presionar Enter","duration":4.996042000000216,"failureMessages":[],"meta":{}},{"ancestorTitles":["AIChat"],"fullName":"AIChat muestra indicador de loading mientras espera respuesta","status":"passed","title":"muestra indicador de loading mientras espera respuesta","duration":8.675958000000264,"failureMessages":[],"meta":{}},{"ancestorTitles":["AIChat"],"fullName":"AIChat maneja error de API gracefulmente","status":"passed","title":"maneja error de API gracefulmente","duration":11.687208000000282,"failureMessages":[],"meta":{}}],"startTime":1773024773196,"endTime":1773024773271.6873,"status":"passed","message":"","name":"/Users/jorge/Documents/Apps/omnimon_apps/macmon/v4/apps/desktop/src/components/__tests__/AIChat.test.ts"},{"assertionResults":[{"ancestorTitles":["AiCommandBar"],"fullName":"AiCommandBar renders input with placeholder","status":"passed","title":"renders input with placeholder","duration":24.158958999999868,"failureMessages":[],"meta":{}},{"ancestorTitles":["AiCommandBar"],"fullName":"AiCommandBar renders the > prefix","status":"passed","title":"renders the > prefix","duration":3.086290999999619,"failureMessages":[],"meta":{}},{"ancestorTitles":["AiCommandBar"],"fullName":"AiCommandBar has a Run button that is disabled when input empty","status":"passed","title":"has a Run button that is disabled when input empty","duration":1.9173330000003261,"failureMessages":[],"meta":{}},{"ancestorTitles":["AiCommandBar"],"fullName":"AiCommandBar enables Run button when input has text","status":"passed","title":"enables Run button when input has text","duration":2.967333999999937,"failureMessages":[],"meta":{}},{"ancestorTitles":["AiCommandBar"],"fullName":"AiCommandBar blocks prompt injection attempts","status":"passed","title":"blocks prompt injection attempts","duration":3.7122079999999187,"failureMessages":[],"meta":{}},{"ancestorTitles":["AiCommandBar"],"fullName":"AiCommandBar sends message and shows user message in chat","status":"passed","title":"sends message and shows user message in chat","duration":19.247875000000022,"failureMessages":[],"meta":{}},{"ancestorTitles":["AiCommandBar"],"fullName":"AiCommandBar shows AI response as text if no JSON","status":"passed","title":"shows AI response as text if no JSON","duration":9.767625000000407,"failureMessages":[],"meta":{}},{"ancestorTitles":["AiCommandBar"],"fullName":"AiCommandBar shows config preview when AI returns valid config JSON","status":"passed","title":"shows config preview when AI returns valid config JSON","duration":11.431332999999995,"failureMessages":[],"meta":{}},{"ancestorTitles":["AiCommandBar"],"fullName":"AiCommandBar applies config on confirm","status":"passed","title":"applies config on confirm","duration":29.736667000000125,"failureMessages":[],"meta":{}},{"ancestorTitles":["AiCommandBar"],"fullName":"AiCommandBar rejects config on reject","status":"passed","title":"rejects config on reject","duration":5.988415999999688,"failureMessages":[],"meta":{}},{"ancestorTitles":["AiCommandBar"],"fullName":"AiCommandBar shows alert preview when AI returns alert JSON","status":"passed","title":"shows alert preview when AI returns alert JSON","duration":9.042834000000312,"failureMessages":[],"meta":{}},{"ancestorTitles":["AiCommandBar"],"fullName":"AiCommandBar shows clear button when chat has messages","status":"passed","title":"shows clear button when chat has messages","duration":3.8033329999998386,"failureMessages":[],"meta":{}},{"ancestorTitles":["AiCommandBar"],"fullName":"AiCommandBar handles Enter key to submit","status":"passed","title":"handles Enter key to submit","duration":8.42554199999995,"failureMessages":[],"meta":{}},{"ancestorTitles":["AiCommandBar"],"fullName":"AiCommandBar shows error when API call fails","status":"passed","title":"shows error when API call fails","duration":8.365249999999833,"failureMessages":[],"meta":{}},{"ancestorTitles":["AiCommandBar"],"fullName":"AiCommandBar shows API key error for keyring issues","status":"passed","title":"shows API key error for keyring issues","duration":8.455417000000125,"failureMessages":[],"meta":{}},{"ancestorTitles":["AiCommandBar"],"fullName":"AiCommandBar has aria-label for accessibility","status":"passed","title":"has aria-label for accessibility","duration":3.8391670000000886,"failureMessages":[],"meta":{}}],"startTime":1773024773252,"endTime":1773024773405.839,"status":"passed","message":"","name":"/Users/jorge/Documents/Apps/omnimon_apps/macmon/v4/apps/desktop/src/components/__tests__/AiCommandBar.test.ts"},{"assertionResults":[{"ancestorTitles":["AiInsightCard"],"fullName":"AiInsightCard renders nothing when no findings","status":"passed","title":"renders nothing when no findings","duration":8.779749999999922,"failureMessages":[],"meta":{}},{"ancestorTitles":["AiInsightCard"],"fullName":"AiInsightCard renders insight section when threats present","status":"passed","title":"renders insight section when threats present","duration":8.261915999999928,"failureMessages":[],"meta":{}},{"ancestorTitles":["AiInsightCard"],"fullName":"AiInsightCard translates SuspiciousMemoryRead to human language","status":"passed","title":"translates SuspiciousMemoryRead to human language","duration":1.7047910000001139,"failureMessages":[],"meta":{}},{"ancestorTitles":["AiInsightCard"],"fullName":"AiInsightCard translates DllInjection threat","status":"passed","title":"translates DllInjection threat","duration":1.3545839999999316,"failureMessages":[],"meta":{}},{"ancestorTitles":["AiInsightCard"],"fullName":"AiInsightCard translates CVE to human language","status":"passed","title":"translates CVE to human language","duration":1.3367499999999382,"failureMessages":[],"meta":{}},{"ancestorTitles":["AiInsightCard"],"fullName":"AiInsightCard shows CVE with high severity message","status":"passed","title":"shows CVE with high severity message","duration":1.2359999999998763,"failureMessages":[],"meta":{}},{"ancestorTitles":["AiInsightCard"],"fullName":"AiInsightCard expands detail on click","status":"passed","title":"expands detail on click","duration":18.59875000000011,"failureMessages":[],"meta":{}},{"ancestorTitles":["AiInsightCard"],"fullName":"AiInsightCard shows meta chips with technique ID","status":"passed","title":"shows meta chips with technique ID","duration":3.2348329999999805,"failureMessages":[],"meta":{}},{"ancestorTitles":["AiInsightCard"],"fullName":"AiInsightCard shows correct findings count for multiple items","status":"passed","title":"shows correct findings count for multiple items","duration":1.5217919999997775,"failureMessages":[],"meta":{}},{"ancestorTitles":["AiInsightCard"],"fullName":"AiInsightCard has severity-colored left border class","status":"passed","title":"has severity-colored left border class","duration":1.24283400000013,"failureMessages":[],"meta":{}},{"ancestorTitles":["AiInsightCard"],"fullName":"AiInsightCard has accessible region role","status":"passed","title":"has accessible region role","duration":3.275583000000097,"failureMessages":[],"meta":{}}],"startTime":1773024773174,"endTime":1773024773224.2756,"status":"passed","message":"","name":"/Users/jorge/Documents/Apps/omnimon_apps/macmon/v4/apps/desktop/src/components/__tests__/AiInsightCard.test.ts"},{"assertionResults":[{"ancestorTitles":["AlertPanel"],"fullName":"AlertPanel renders nothing when no rules and no alerts","status":"passed","title":"renders nothing when no rules and no alerts","duration":8.646833000000015,"failureMessages":[],"meta":{}},{"ancestorTitles":["AlertPanel"],"fullName":"AlertPanel shows trigger button when rules exist","status":"passed","title":"shows trigger button when rules exist","duration":3.636041999999861,"failureMessages":[],"meta":{}},{"ancestorTitles":["AlertPanel"],"fullName":"AlertPanel shows warning icon and badge when alerts fired","status":"passed","title":"shows warning icon and badge when alerts fired","duration":1.3968339999998989,"failureMessages":[],"meta":{}},{"ancestorTitles":["AlertPanel"],"fullName":"AlertPanel opens panel on button click","status":"passed","title":"opens panel on button click","duration":6.975999999999885,"failureMessages":[],"meta":{}},{"ancestorTitles":["AlertPanel"],"fullName":"AlertPanel displays alert rules in panel","status":"passed","title":"displays alert rules in panel","duration":2.1142919999999776,"failureMessages":[],"meta":{}},{"ancestorTitles":["AlertPanel"],"fullName":"AlertPanel shows 'No alerts fired yet' when panel open but no fired","status":"passed","title":"shows 'No alerts fired yet' when panel open but no fired","duration":1.671291999999994,"failureMessages":[],"meta":{}},{"ancestorTitles":["AlertPanel"],"fullName":"AlertPanel displays fired alerts in panel","status":"passed","title":"displays fired alerts in panel","duration":19.297124999999824,"failureMessages":[],"meta":{}},{"ancestorTitles":["AlertPanel"],"fullName":"AlertPanel calls clearFiredAlerts when 'Clear All' clicked","status":"passed","title":"calls clearFiredAlerts when 'Clear All' clicked","duration":3.748833999999988,"failureMessages":[],"meta":{}},{"ancestorTitles":["AlertPanel"],"fullName":"AlertPanel has a close button in the panel","status":"passed","title":"has a close button in the panel","duration":2.223457999999937,"failureMessages":[],"meta":{}},{"ancestorTitles":["AlertPanel"],"fullName":"AlertPanel shows badge count even without rules if alerts fired","status":"passed","title":"shows badge count even without rules if alerts fired","duration":0.841666000000032,"failureMessages":[],"meta":{}}],"startTime":1773024773135,"endTime":1773024773185.8416,"status":"passed","message":"","name":"/Users/jorge/Documents/Apps/omnimon_apps/macmon/v4/apps/desktop/src/components/__tests__/AlertPanel.test.ts"},{"assertionResults":[{"ancestorTitles":["AppToolbar"],"fullName":"AppToolbar renders sponsor, grouping and profile controls","status":"passed","title":"renders sponsor, grouping and profile controls","duration":37.61308400000007,"failureMessages":[],"meta":{}},{"ancestorTitles":["AppToolbar"],"fullName":"AppToolbar calls profile callback when profile changes","status":"passed","title":"calls profile callback when profile changes","duration":6.6486670000001595,"failureMessages":[],"meta":{}}],"startTime":1773024773183,"endTime":1773024773227.6487,"status":"passed","message":"","name":"/Users/jorge/Documents/Apps/omnimon_apps/macmon/v4/apps/desktop/src/components/__tests__/AppToolbar.test.ts"},{"assertionResults":[{"ancestorTitles":["Automations"],"fullName":"Automations renderiza lista de reglas","status":"passed","title":"renderiza lista de reglas","duration":24.491457999999966,"failureMessages":[],"meta":{}},{"ancestorTitles":["Automations"],"fullName":"Automations permite activar o desactivar una regla existente","status":"passed","title":"permite activar o desactivar una regla existente","duration":15.068458999999848,"failureMessages":[],"meta":{}},{"ancestorTitles":["Automations"],"fullName":"Automations muestra estado vacio cuando no hay reglas","status":"passed","title":"muestra estado vacio cuando no hay reglas","duration":2.7185420000000704,"failureMessages":[],"meta":{}}],"startTime":1773024774282,"endTime":1773024774323.7185,"status":"passed","message":"","name":"/Users/jorge/Documents/Apps/omnimon_apps/macmon/v4/apps/desktop/src/components/__tests__/Automations.test.ts"},{"assertionResults":[{"ancestorTitles":["ChromeTabManager"],"fullName":"ChromeTabManager renders mixed Chrome/Safari tabs, long domains, and untitled tabs","status":"passed","title":"renders mixed Chrome/Safari tabs, long domains, and untitled tabs","duration":24.296541999999818,"failureMessages":[],"meta":{}},{"ancestorTitles":["ChromeTabManager"],"fullName":"ChromeTabManager renders sections dynamically for any browser with tabs","status":"passed","title":"renders sections dynamically for any browser with tabs","duration":6.023582999999917,"failureMessages":[],"meta":{}},{"ancestorTitles":["ChromeTabManager"],"fullName":"ChromeTabManager detects Brave, Edge and Arc process RAM totals","status":"passed","title":"detects Brave, Edge and Arc process RAM totals","duration":13.894208000000162,"failureMessages":[],"meta":{}},{"ancestorTitles":["ChromeTabManager"],"fullName":"ChromeTabManager closes a single tab and survives AppleScript permission errors","status":"passed","title":"closes a single tab and survives AppleScript permission errors","duration":15.608624999999847,"failureMessages":[],"meta":{}},{"ancestorTitles":["ChromeTabManager"],"fullName":"ChromeTabManager closes all tabs in a section and ignores per-tab failures","status":"passed","title":"closes all tabs in a section and ignores per-tab failures","duration":18.653000000000247,"failureMessages":[],"meta":{}},{"ancestorTitles":["ChromeTabManager"],"fullName":"ChromeTabManager successfully closes a tab and removes it from the list","status":"passed","title":"successfully closes a tab and removes it from the list","duration":5.003125000000182,"failureMessages":[],"meta":{}},{"ancestorTitles":["ChromeTabManager"],"fullName":"ChromeTabManager selects and deselects tabs via checkbox click","status":"passed","title":"selects and deselects tabs via checkbox click","duration":6.5902500000001965,"failureMessages":[],"meta":{}},{"ancestorTitles":["ChromeTabManager"],"fullName":"ChromeTabManager select all and select none buttons work","status":"passed","title":"select all and select none buttons work","duration":14.860749999999825,"failureMessages":[],"meta":{}},{"ancestorTitles":["ChromeTabManager"],"fullName":"ChromeTabManager closes selected tabs via Close N button","status":"passed","title":"closes selected tabs via Close N button","duration":6.817125000000033,"failureMessages":[],"meta":{}},{"ancestorTitles":["ChromeTabManager"],"fullName":"ChromeTabManager confirms and closes exactly 3 selected tabs","status":"passed","title":"confirms and closes exactly 3 selected tabs","duration":3.5978330000002643,"failureMessages":[],"meta":{}},{"ancestorTitles":["ChromeTabManager"],"fullName":"ChromeTabManager toggles section collapse via header click","status":"passed","title":"toggles section collapse via header click","duration":10.945999999999913,"failureMessages":[],"meta":{}},{"ancestorTitles":["ChromeTabManager"],"fullName":"ChromeTabManager ignores unrelated keyboard key on tab row","status":"passed","title":"ignores unrelated keyboard key on tab row","duration":2.5790420000002996,"failureMessages":[],"meta":{}},{"ancestorTitles":["ChromeTabManager"],"fullName":"ChromeTabManager supports Enter and Space keys on tab rows","status":"passed","title":"supports Enter and Space keys on tab rows","duration":2.3087500000001455,"failureMessages":[],"meta":{}},{"ancestorTitles":["ChromeTabManager"],"fullName":"ChromeTabManager renders nothing when there are no tabs","status":"passed","title":"renders nothing when there are no tabs","duration":0.5918330000004062,"failureMessages":[],"meta":{}},{"ancestorTitles":["ChromeTabManager"],"fullName":"ChromeTabManager shows high RAM in danger color","status":"passed","title":"shows high RAM in danger color","duration":1.9425830000000133,"failureMessages":[],"meta":{}},{"ancestorTitles":["ChromeTabManager"],"fullName":"ChromeTabManager shows medium RAM in yellow color","status":"passed","title":"shows medium RAM in yellow color","duration":1.9332919999997102,"failureMessages":[],"meta":{}},{"ancestorTitles":["ChromeTabManager"],"fullName":"ChromeTabManager handles keyboard Enter/Space on header for collapse toggle","status":"passed","title":"handles keyboard Enter/Space on header for collapse toggle","duration":45.03837500000009,"failureMessages":[],"meta":{}},{"ancestorTitles":["ChromeTabManager"],"fullName":"ChromeTabManager clicking a tab row toggles its selection","status":"passed","title":"clicking a tab row toggles its selection","duration":3.770082999999886,"failureMessages":[],"meta":{}},{"ancestorTitles":["ChromeTabManager"],"fullName":"ChromeTabManager filters tabs by title when filter prop is set","status":"passed","title":"filters tabs by title when filter prop is set","duration":2.364708999999948,"failureMessages":[],"meta":{}},{"ancestorTitles":["ChromeTabManager"],"fullName":"ChromeTabManager filters tabs by domain when filter prop is set","status":"passed","title":"filters tabs by domain when filter prop is set","duration":1.9262499999999818,"failureMessages":[],"meta":{}},{"ancestorTitles":["ChromeTabManager"],"fullName":"ChromeTabManager shows 'No matching tabs' when filter excludes all tabs","status":"passed","title":"shows 'No matching tabs' when filter excludes all tabs","duration":1.3690000000001419,"failureMessages":[],"meta":{}},{"ancestorTitles":["ChromeTabManager"],"fullName":"ChromeTabManager focuses tab and handles focus errors","status":"passed","title":"focuses tab and handles focus errors","duration":2.4713329999999587,"failureMessages":[],"meta":{}},{"ancestorTitles":["ChromeTabManager"],"fullName":"ChromeTabManager does not close tab when confirmation is canceled","status":"passed","title":"does not close tab when confirmation is canceled","duration":2.133208000000195,"failureMessages":[],"meta":{}},{"ancestorTitles":["ChromeTabManager"],"fullName":"ChromeTabManager returns early when Close All gets empty filtered tabs","status":"passed","title":"returns early when Close All gets empty filtered tabs","duration":3.7787499999999454,"failureMessages":[],"meta":{}},{"ancestorTitles":["ChromeTabManager"],"fullName":"ChromeTabManager does not close selected when selected ids no longer exist","status":"passed","title":"does not close selected when selected ids no longer exist","duration":3.605750000000171,"failureMessages":[],"meta":{}},{"ancestorTitles":["ChromeTabManager"],"fullName":"ChromeTabManager respects canceled confirmation for Close Selected and Close All","status":"passed","title":"respects canceled confirmation for Close Selected and Close All","duration":10.457124999999905,"failureMessages":[],"meta":{}},{"ancestorTitles":["ChromeTabManager"],"fullName":"ChromeTabManager shows all tabs when filter is empty","status":"passed","title":"shows all tabs when filter is empty","duration":2.328457999999955,"failureMessages":[],"meta":{}}],"startTime":1773024773183,"endTime":1773024773398.3284,"status":"passed","message":"","name":"/Users/jorge/Documents/Apps/omnimon_apps/macmon/v4/apps/desktop/src/components/__tests__/ChromeTabManager.test.ts"},{"assertionResults":[{"ancestorTitles":["CloudSync"],"fullName":"CloudSync renderiza status de sincronizacion","status":"passed","title":"renderiza status de sincronizacion","duration":17.824583000000075,"failureMessages":[],"meta":{}},{"ancestorTitles":["CloudSync"],"fullName":"CloudSync maneja estado offline","status":"passed","title":"maneja estado offline","duration":5.889167000000043,"failureMessages":[],"meta":{}}],"startTime":1773024773135,"endTime":1773024773158.8892,"status":"passed","message":"","name":"/Users/jorge/Documents/Apps/omnimon_apps/macmon/v4/apps/desktop/src/components/__tests__/CloudSync.test.ts"},{"assertionResults":[{"ancestorTitles":["ConfirmDialog"],"fullName":"ConfirmDialog renderiza con titulo y mensaje","status":"passed","title":"renderiza con titulo y mensaje","duration":18.49954200000002,"failureMessages":[],"meta":{}},{"ancestorTitles":["ConfirmDialog"],"fullName":"ConfirmDialog llama onConfirm al aceptar","status":"passed","title":"llama onConfirm al aceptar","duration":3.471416999999974,"failureMessages":[],"meta":{}},{"ancestorTitles":["ConfirmDialog"],"fullName":"ConfirmDialog llama onCancel al cancelar","status":"passed","title":"llama onCancel al cancelar","duration":1.7725420000001577,"failureMessages":[],"meta":{}},{"ancestorTitles":["ConfirmDialog"],"fullName":"ConfirmDialog se cierra con Escape","status":"passed","title":"se cierra con Escape","duration":1.4183330000000751,"failureMessages":[],"meta":{}}],"startTime":1773024774482,"endTime":1773024774507.4182,"status":"passed","message":"","name":"/Users/jorge/Documents/Apps/omnimon_apps/macmon/v4/apps/desktop/src/components/__tests__/ConfirmDialog.test.ts"},{"assertionResults":[{"ancestorTitles":["ContextAiChat"],"fullName":"ContextAiChat renderiza sin errores","status":"passed","title":"renderiza sin errores","duration":17.480042000000026,"failureMessages":[],"meta":{}}],"startTime":1773024774776,"endTime":1773024774793.48,"status":"passed","message":"","name":"/Users/jorge/Documents/Apps/omnimon_apps/macmon/v4/apps/desktop/src/components/__tests__/ContextAiChat.test.ts"},{"assertionResults":[{"ancestorTitles":["NetworkMap"],"fullName":"NetworkMap renders nothing when no connections","status":"passed","title":"renders nothing when no connections","duration":15.61508300000014,"failureMessages":[],"meta":{}},{"ancestorTitles":["NetworkMap"],"fullName":"NetworkMap shows content directly when connections exist","status":"passed","title":"shows content directly when connections exist","duration":23.12445800000023,"failureMessages":[],"meta":{}},{"ancestorTitles":["NetworkMap"],"fullName":"NetworkMap displays summary cards with connection and process counts","status":"passed","title":"displays summary cards with connection and process counts","duration":7.120750000000044,"failureMessages":[],"meta":{}},{"ancestorTitles":["NetworkMap"],"fullName":"NetworkMap shows process names and domains directly","status":"passed","title":"shows process names and domains directly","duration":4.0289169999996375,"failureMessages":[],"meta":{}},{"ancestorTitles":["NetworkMap"],"fullName":"NetworkMap groups connections by process","status":"passed","title":"groups connections by process","duration":4.456750000000284,"failureMessages":[],"meta":{}},{"ancestorTitles":["NetworkMap"],"fullName":"NetworkMap shows connection count per process","status":"passed","title":"shows connection count per process","duration":3.2907090000003336,"failureMessages":[],"meta":{}},{"ancestorTitles":["NetworkMap"],"fullName":"NetworkMap shows +N when more than 5 domains","status":"passed","title":"shows +N when more than 5 domains","duration":8.06704099999979,"failureMessages":[],"meta":{}},{"ancestorTitles":["NetworkMap"],"fullName":"NetworkMap deduplicates same domain:port connections","status":"passed","title":"deduplicates same domain:port connections","duration":8.899667000000136,"failureMessages":[],"meta":{}},{"ancestorTitles":["NetworkMap"],"fullName":"NetworkMap renders canvas element","status":"passed","title":"renders canvas element","duration":2.8932920000002014,"failureMessages":[],"meta":{}},{"ancestorTitles":["NetworkMap"],"fullName":"NetworkMap shows traffic tab when throughput exists even without connections","status":"passed","title":"shows traffic tab when throughput exists even without connections","duration":8.066417000000001,"failureMessages":[],"meta":{}},{"ancestorTitles":["NetworkMap"],"fullName":"NetworkMap shows summary cards","status":"passed","title":"shows summary cards","duration":4.109124999999949,"failureMessages":[],"meta":{}},{"ancestorTitles":["NetworkMap"],"fullName":"NetworkMap basic mode hides advanced tabs and sidebar","status":"passed","title":"basic mode hides advanced tabs and sidebar","duration":2.366041999999652,"failureMessages":[],"meta":{}}],"startTime":1773024773244,"endTime":1773024773336.366,"status":"passed","message":"","name":"/Users/jorge/Documents/Apps/omnimon_apps/macmon/v4/apps/desktop/src/components/__tests__/NetworkMap.test.ts"},{"assertionResults":[{"ancestorTitles":["Plugins"],"fullName":"Plugins renderiza sin errores","status":"passed","title":"renderiza sin errores","duration":25.517000000000053,"failureMessages":[],"meta":{}}],"startTime":1773024773158,"endTime":1773024773183.517,"status":"passed","message":"","name":"/Users/jorge/Documents/Apps/omnimon_apps/macmon/v4/apps/desktop/src/components/__tests__/Plugins.test.ts"},{"assertionResults":[{"ancestorTitles":["rendering"],"fullName":"rendering renders all process fields","status":"passed","title":"renders all process fields","duration":24.439583000000084,"failureMessages":[],"meta":{}},{"ancestorTitles":["rendering"],"fullName":"rendering renders dialog with correct role","status":"passed","title":"renders dialog with correct role","duration":11.799000000000206,"failureMessages":[],"meta":{}},{"ancestorTitles":["rendering"],"fullName":"rendering renders section labels","status":"passed","title":"renders section labels","duration":3.730417000000216,"failureMessages":[],"meta":{}},{"ancestorTitles":["rendering"],"fullName":"rendering shows Chrome tabs for Chrome Helper process","status":"passed","title":"shows Chrome tabs for Chrome Helper process","duration":20.317499999999654,"failureMessages":[],"meta":{}},{"ancestorTitles":["rendering"],"fullName":"rendering shows Safari tabs for WebContent process","status":"passed","title":"shows Safari tabs for WebContent process","duration":8.330582999999933,"failureMessages":[],"meta":{}},{"ancestorTitles":["rendering"],"fullName":"rendering detects generic Chrome Helper process names","status":"passed","title":"detects generic Chrome Helper process names","duration":9.02587500000027,"failureMessages":[],"meta":{}},{"ancestorTitles":["rendering"],"fullName":"rendering detects generic WebContent process names","status":"passed","title":"detects generic WebContent process names","duration":11.205833999999868,"failureMessages":[],"meta":{}},{"ancestorTitles":["rendering"],"fullName":"rendering detects Brave, Edge, and Arc helpers","status":"passed","title":"detects Brave, Edge, and Arc helpers","duration":7.647042000000056,"failureMessages":[],"meta":{}},{"ancestorTitles":["rendering"],"fullName":"rendering does not show browser tabs for non-Browser group","status":"passed","title":"does not show browser tabs for non-Browser group","duration":21.03820900000028,"failureMessages":[],"meta":{}},{"ancestorTitles":["rendering"],"fullName":"rendering does not show browser tabs when no tabs available","status":"passed","title":"does not show browser tabs when no tabs available","duration":4.421542000000045,"failureMessages":[],"meta":{}},{"ancestorTitles":["rendering"],"fullName":"rendering handles Browser-group processes that are neither Chrome nor Safari","status":"passed","title":"handles Browser-group processes that are neither Chrome nor Safari","duration":11.340541999999914,"failureMessages":[],"meta":{}},{"ancestorTitles":["rendering"],"fullName":"rendering color-codes high RAM values","status":"passed","title":"color-codes high RAM values","duration":21.170250000000124,"failureMessages":[],"meta":{}},{"ancestorTitles":["rendering"],"fullName":"rendering color-codes high CPU values","status":"passed","title":"color-codes high CPU values","duration":3.5929580000001806,"failureMessages":[],"meta":{}},{"ancestorTitles":["rendering"],"fullName":"rendering color-codes medium RAM and CPU values","status":"passed","title":"color-codes medium RAM and CPU values","duration":3.154708000000028,"failureMessages":[],"meta":{}},{"ancestorTitles":["rendering"],"fullName":"rendering uses fallback formatting for empty group/uptime and low resource colors","status":"passed","title":"uses fallback formatting for empty group/uptime and low resource colors","duration":2.9609999999997854,"failureMessages":[],"meta":{}},{"ancestorTitles":["rendering"],"fullName":"rendering handles malformed browser tab URLs","status":"passed","title":"handles malformed browser tab URLs","duration":5.976958000000195,"failureMessages":[],"meta":{}},{"ancestorTitles":["rendering"],"fullName":"rendering shows a basic mode hint banner","status":"passed","title":"shows a basic mode hint banner","duration":3.861790999999812,"failureMessages":[],"meta":{}},{"ancestorTitles":["rendering"],"fullName":"rendering hides advanced fields in basic mode","status":"passed","title":"hides advanced fields in basic mode","duration":4.837291000000278,"failureMessages":[],"meta":{}},{"ancestorTitles":["close behavior"],"fullName":"close behavior close button calls onclose","status":"passed","title":"close button calls onclose","duration":14.766000000000076,"failureMessages":[],"meta":{}},{"ancestorTitles":["close behavior"],"fullName":"close behavior backdrop click calls onclose","status":"passed","title":"backdrop click calls onclose","duration":14.508750000000418,"failureMessages":[],"meta":{}},{"ancestorTitles":["close behavior"],"fullName":"close behavior Escape key calls onclose","status":"passed","title":"Escape key calls onclose","duration":6.707916000000296,"failureMessages":[],"meta":{}},{"ancestorTitles":["focus trap"],"fullName":"focus trap wraps Tab from last to first focusable element","status":"passed","title":"wraps Tab from last to first focusable element","duration":3.3396669999997357,"failureMessages":[],"meta":{}},{"ancestorTitles":["focus trap"],"fullName":"focus trap wraps Shift+Tab from first to last focusable element","status":"passed","title":"wraps Shift+Tab from first to last focusable element","duration":3.9429580000000897,"failureMessages":[],"meta":{}},{"ancestorTitles":["focus trap"],"fullName":"focus trap returns early when no focusable elements exist","status":"passed","title":"returns early when no focusable elements exist","duration":2.0509170000000267,"failureMessages":[],"meta":{}},{"ancestorTitles":["focus trap"],"fullName":"focus trap does not wrap focus when tabbing from non-edge position","status":"passed","title":"does not wrap focus when tabbing from non-edge position","duration":1.924250000000029,"failureMessages":[],"meta":{}},{"ancestorTitles":["focus trap"],"fullName":"focus trap wraps Tab from last focusable back to first","status":"passed","title":"wraps Tab from last focusable back to first","duration":8.746542000000318,"failureMessages":[],"meta":{}},{"ancestorTitles":["tab management"],"fullName":"tab management shows close buttons on browser tabs","status":"passed","title":"shows close buttons on browser tabs","duration":24.154375000000073,"failureMessages":[],"meta":{}},{"ancestorTitles":["tab management"],"fullName":"tab management closes a tab via the X button","status":"passed","title":"closes a tab via the X button","duration":25.851874999999836,"failureMessages":[],"meta":{}},{"ancestorTitles":["tab management"],"fullName":"tab management shows select all / none buttons for browser tabs","status":"passed","title":"shows select all / none buttons for browser tabs","duration":14.615833000000293,"failureMessages":[],"meta":{}},{"ancestorTitles":["tab management"],"fullName":"tab management selects and closes multiple tabs","status":"passed","title":"selects and closes multiple tabs","duration":5.961124999999811,"failureMessages":[],"meta":{}},{"ancestorTitles":["tab management"],"fullName":"tab management toggles a single tab checkbox and clears with None button","status":"passed","title":"toggles a single tab checkbox and clears with None button","duration":10.538500000000113,"failureMessages":[],"meta":{}},{"ancestorTitles":["tab management"],"fullName":"tab management focuses a tab in the browser when clicking title","status":"passed","title":"focuses a tab in the browser when clicking title","duration":5.006916000000274,"failureMessages":[],"meta":{}},{"ancestorTitles":["tab management"],"fullName":"tab management filters tabs by search text","status":"passed","title":"filters tabs by search text","duration":21.146832999999788,"failureMessages":[],"meta":{}},{"ancestorTitles":["tab management"],"fullName":"tab management shows empty tab list when filter excludes all tabs","status":"passed","title":"shows empty tab list when filter excludes all tabs","duration":17.691791999999623,"failureMessages":[],"meta":{}},{"ancestorTitles":["tab management"],"fullName":"tab management continues closing selected tabs when one close fails","status":"passed","title":"continues closing selected tabs when one close fails","duration":11.604624999999942,"failureMessages":[],"meta":{}},{"ancestorTitles":["tab management"],"fullName":"tab management handles focus and close tab errors without crashing","status":"passed","title":"handles focus and close tab errors without crashing","duration":14.410082999999759,"failureMessages":[],"meta":{}},{"ancestorTitles":["AI analysis"],"fullName":"AI analysis shows Ask AI button","status":"passed","title":"shows Ask AI button","duration":2.6021249999998872,"failureMessages":[],"meta":{}},{"ancestorTitles":["AI analysis"],"fullName":"AI analysis shows AI hint text","status":"passed","title":"shows AI hint text","duration":2.2725420000001577,"failureMessages":[],"meta":{}},{"ancestorTitles":["AI analysis"],"fullName":"AI analysis shows analysis skeleton while waiting for AI","status":"passed","title":"shows analysis skeleton while waiting for AI","duration":3.8158330000001115,"failureMessages":[],"meta":{}},{"ancestorTitles":["AI analysis"],"fullName":"AI analysis calls analyze_context on AI button click","status":"passed","title":"calls analyze_context on AI button click","duration":4.264165999999932,"failureMessages":[],"meta":{}},{"ancestorTitles":["AI analysis"],"fullName":"AI analysis includes browser tab context lines for AI analysis","status":"passed","title":"includes browser tab context lines for AI analysis","duration":8.008041999999932,"failureMessages":[],"meta":{}},{"ancestorTitles":["AI analysis"],"fullName":"AI analysis displays AI response text","status":"passed","title":"displays AI response text","duration":7.294917000000169,"failureMessages":[],"meta":{}},{"ancestorTitles":["AI analysis"],"fullName":"AI analysis displays AI error message","status":"passed","title":"displays AI error message","duration":4.075749999999971,"failureMessages":[],"meta":{}},{"ancestorTitles":["AI analysis"],"fullName":"AI analysis stringifies unknown AI errors","status":"passed","title":"stringifies unknown AI errors","duration":3.509708000000046,"failureMessages":[],"meta":{}}],"startTime":1773024773187,"endTime":1773024773609.5098,"status":"passed","message":"","name":"/Users/jorge/Documents/Apps/omnimon_apps/macmon/v4/apps/desktop/src/components/__tests__/ProcessDetailsModal.test.ts"},{"assertionResults":[{"ancestorTitles":["rendering"],"fullName":"rendering renders correct number of data rows","status":"passed","title":"renders correct number of data rows","duration":35.168084000000135,"failureMessages":[],"meta":{}},{"ancestorTitles":["rendering"],"fullName":"rendering renders column headers","status":"passed","title":"renders column headers","duration":15.780083000000104,"failureMessages":[],"meta":{}},{"ancestorTitles":["rendering"],"fullName":"rendering formats RAM and CPU values","status":"passed","title":"formats RAM and CPU values","duration":14.313458000000082,"failureMessages":[],"meta":{}},{"ancestorTitles":["rendering"],"fullName":"rendering keeps RAM/CPU/TIME headers visible with wider numeric columns","status":"passed","title":"keeps RAM/CPU/TIME headers visible with wider numeric columns","duration":5.085207999999966,"failureMessages":[],"meta":{}},{"ancestorTitles":["rendering"],"fullName":"rendering renders energy and network metrics","status":"passed","title":"renders energy and network metrics","duration":5.007291999999779,"failureMessages":[],"meta":{}},{"ancestorTitles":["rendering"],"fullName":"rendering renders native icon image when icon_data_url is present","status":"passed","title":"renders native icon image when icon_data_url is present","duration":9.152583999999933,"failureMessages":[],"meta":{}},{"ancestorTitles":["rendering"],"fullName":"rendering shows idle badge when process is idle","status":"passed","title":"shows idle badge when process is idle","duration":13.80095799999981,"failureMessages":[],"meta":{}},{"ancestorTitles":["rendering"],"fullName":"rendering does not show idle badge when process is not idle","status":"passed","title":"does not show idle badge when process is not idle","duration":4.893292000000201,"failureMessages":[],"meta":{}},{"ancestorTitles":["rendering"],"fullName":"rendering renders strange process names safely","status":"passed","title":"renders strange process names safely","duration":4.891791000000012,"failureMessages":[],"meta":{}},{"ancestorTitles":["rendering"],"fullName":"rendering shows tab count for Chrome Helper process","status":"passed","title":"shows tab count for Chrome Helper process","duration":27.455917000000227,"failureMessages":[],"meta":{}},{"ancestorTitles":["rendering"],"fullName":"rendering shows tab count for Safari WebContent process","status":"passed","title":"shows tab count for Safari WebContent process","duration":11.242583999999624,"failureMessages":[],"meta":{}},{"ancestorTitles":["rendering"],"fullName":"rendering detects generic Chrome Helper name","status":"passed","title":"detects generic Chrome Helper name","duration":4.274666999999681,"failureMessages":[],"meta":{}},{"ancestorTitles":["rendering"],"fullName":"rendering detects generic WebContent name","status":"passed","title":"detects generic WebContent name","duration":25.44333299999971,"failureMessages":[],"meta":{}},{"ancestorTitles":["rendering"],"fullName":"rendering detects Brave, Edge, and Arc helpers","status":"passed","title":"detects Brave, Edge, and Arc helpers","duration":9.184790999999677,"failureMessages":[],"meta":{}},{"ancestorTitles":["rendering"],"fullName":"rendering uses exec_name for non-tab details","status":"passed","title":"uses exec_name for non-tab details","duration":3.957459000000199,"failureMessages":[],"meta":{}},{"ancestorTitles":["rendering"],"fullName":"rendering falls back to em dash for empty uptime and empty group label","status":"passed","title":"falls back to em dash for empty uptime and empty group label","duration":8.792415999999776,"failureMessages":[],"meta":{}},{"ancestorTitles":["rendering"],"fullName":"rendering shows Browser group when browser not detected","status":"passed","title":"shows Browser group when browser not detected","duration":6.822834000000057,"failureMessages":[],"meta":{}},{"ancestorTitles":["rendering"],"fullName":"rendering falls back when browser is detected but no tab counts exist","status":"passed","title":"falls back when browser is detected but no tab counts exist","duration":4.358291999999892,"failureMessages":[],"meta":{}},{"ancestorTitles":["rendering"],"fullName":"rendering disables checkbox for system processes","status":"passed","title":"disables checkbox for system processes","duration":4.21933399999989,"failureMessages":[],"meta":{}},{"ancestorTitles":["sorting"],"fullName":"sorting default sort is ram_mb descending","status":"passed","title":"default sort is ram_mb descending","duration":40.04279099999985,"failureMessages":[],"meta":{}},{"ancestorTitles":["sorting"],"fullName":"sorting clicking Name header changes sort","status":"passed","title":"clicking Name header changes sort","duration":18.374374999999873,"failureMessages":[],"meta":{}},{"ancestorTitles":["sorting"],"fullName":"sorting clicking same header toggles direction","status":"passed","title":"clicking same header toggles direction","duration":24.81979199999978,"failureMessages":[],"meta":{}},{"ancestorTitles":["sorting"],"fullName":"sorting clicking Group header starts ascending sort","status":"passed","title":"clicking Group header starts ascending sort","duration":3.897041000000172,"failureMessages":[],"meta":{}},{"ancestorTitles":["sorting"],"fullName":"sorting clicking ST header starts descending sort","status":"passed","title":"clicking ST header starts descending sort","duration":5.4217499999999745,"failureMessages":[],"meta":{}},{"ancestorTitles":["sorting"],"fullName":"sorting toggles all sortable headers through ascending and descending states","status":"passed","title":"toggles all sortable headers through ascending and descending states","duration":33.183042000000114,"failureMessages":[],"meta":{}},{"ancestorTitles":["grouping"],"fullName":"grouping renders group headers when grouping is enabled","status":"passed","title":"renders group headers when grouping is enabled","duration":31.858541999999943,"failureMessages":[],"meta":{}},{"ancestorTitles":["grouping"],"fullName":"grouping collapse/expand toggles group rows","status":"passed","title":"collapse/expand toggles group rows","duration":24.52758300000005,"failureMessages":[],"meta":{}},{"ancestorTitles":["grouping"],"fullName":"grouping shows group count in header","status":"passed","title":"shows group count in header","duration":5.9627080000000205,"failureMessages":[],"meta":{}},{"ancestorTitles":["grouping"],"fullName":"grouping supports keyboard toggle for group headers","status":"passed","title":"supports keyboard toggle for group headers","duration":24.958541999999852,"failureMessages":[],"meta":{}},{"ancestorTitles":["grouping"],"fullName":"grouping ignores unrelated key presses on group header","status":"passed","title":"ignores unrelated key presses on group header","duration":28.711958000000322,"failureMessages":[],"meta":{}},{"ancestorTitles":["grouping"],"fullName":"grouping uses group keys so duplicate visible names do not collapse together","status":"passed","title":"uses group keys so duplicate visible names do not collapse together","duration":24.995582999999897,"failureMessages":[],"meta":{}},{"ancestorTitles":["grouping"],"fullName":"grouping shows grouped badge only in the header when grouping is enabled","status":"passed","title":"shows grouped badge only in the header when grouping is enabled","duration":8.834791000000223,"failureMessages":[],"meta":{}},{"ancestorTitles":["selection"],"fullName":"selection click selects a row","status":"passed","title":"click selects a row","duration":20.001042000000325,"failureMessages":[],"meta":{}},{"ancestorTitles":["selection"],"fullName":"selection double-click calls oninspect","status":"passed","title":"double-click calls oninspect","duration":7.044542000000092,"failureMessages":[],"meta":{}},{"ancestorTitles":["selection"],"fullName":"selection double-click without oninspect does not throw","status":"passed","title":"double-click without oninspect does not throw","duration":40.70933299999979,"failureMessages":[],"meta":{}},{"ancestorTitles":["selection"],"fullName":"selection checkbox toggles selection without row click side effects","status":"passed","title":"checkbox toggles selection without row click side effects","duration":3.7529170000002523,"failureMessages":[],"meta":{}},{"ancestorTitles":["selection"],"fullName":"selection renders checkbox as checked when PID is preselected","status":"passed","title":"renders checkbox as checked when PID is preselected","duration":2.9037909999997282,"failureMessages":[],"meta":{}},{"ancestorTitles":["virtual scrolling"],"fullName":"virtual scrolling renders spacer rows for long lists","status":"passed","title":"renders spacer rows for long lists","duration":37.61474999999973,"failureMessages":[],"meta":{}},{"ancestorTitles":["virtual scrolling"],"fullName":"virtual scrolling throttles scroll events while RAF callback is pending","status":"passed","title":"throttles scroll events while RAF callback is pending","duration":42.96733300000005,"failureMessages":[],"meta":{}},{"ancestorTitles":["virtual scrolling"],"fullName":"virtual scrolling updates container height from ResizeObserver callback","status":"passed","title":"updates container height from ResizeObserver callback","duration":12.704125000000204,"failureMessages":[],"meta":{}},{"ancestorTitles":["virtual scrolling"],"fullName":"virtual scrolling renders top spacer after scrolling with immediate RAF","status":"passed","title":"renders top spacer after scrolling with immediate RAF","duration":104.38008400000035,"failureMessages":[],"meta":{}},{"ancestorTitles":["virtual scrolling"],"fullName":"virtual scrolling does not render spacer rows for short lists","status":"passed","title":"does not render spacer rows for short lists","duration":2.747041000000081,"failureMessages":[],"meta":{}},{"ancestorTitles":["virtual scrolling"],"fullName":"virtual scrolling re-evaluates grouping paths when grouping prop changes","status":"passed","title":"re-evaluates grouping paths when grouping prop changes","duration":16.87616700000035,"failureMessages":[],"meta":{}},{"ancestorTitles":["column drag and drop"],"fullName":"column drag and drop moves a column directly to a target index","status":"passed","title":"moves a column directly to a target index","duration":0.19362499999988358,"failureMessages":[],"meta":{}},{"ancestorTitles":["XSS safety"],"fullName":"XSS safety renders malicious process name as escaped text","status":"passed","title":"renders malicious process name as escaped text","duration":4.312417000000096,"failureMessages":[],"meta":{}}],"startTime":1773024773209,"endTime":1773024773995.3125,"status":"passed","message":"","name":"/Users/jorge/Documents/Apps/omnimon_apps/macmon/v4/apps/desktop/src/components/__tests__/ProcessTable.test.ts"},{"assertionResults":[{"ancestorTitles":["ProfilePanel"],"fullName":"ProfilePanel renders profile options","status":"passed","title":"renders profile options","duration":19.979250000000093,"failureMessages":[],"meta":{}},{"ancestorTitles":["ProfilePanel"],"fullName":"ProfilePanel updates selected profile on click","status":"passed","title":"updates selected profile on click","duration":38.35116700000003,"failureMessages":[],"meta":{}},{"ancestorTitles":["ProfilePanel"],"fullName":"ProfilePanel updates user mode on click","status":"passed","title":"updates user mode on click","duration":7.059291999999914,"failureMessages":[],"meta":{}},{"ancestorTitles":["ProfilePanel"],"fullName":"ProfilePanel shows the active workspace copy","status":"passed","title":"shows the active workspace copy","duration":3.2996659999998883,"failureMessages":[],"meta":{}}],"startTime":1773024774363,"endTime":1773024774432.2996,"status":"passed","message":"","name":"/Users/jorge/Documents/Apps/omnimon_apps/macmon/v4/apps/desktop/src/components/__tests__/ProfilePanel.test.ts"},{"assertionResults":[{"ancestorTitles":["SecurityBadge"],"fullName":"SecurityBadge renders nothing for safe process","status":"passed","title":"renders nothing for safe process","duration":15.778750000000173,"failureMessages":[],"meta":{}},{"ancestorTitles":["SecurityBadge"],"fullName":"SecurityBadge renders MITRE badge for threat","status":"passed","title":"renders MITRE badge for threat","duration":6.5776250000001255,"failureMessages":[],"meta":{}},{"ancestorTitles":["SecurityBadge"],"fullName":"SecurityBadge renders CVE badge for vulnerability","status":"passed","title":"renders CVE badge for vulnerability","duration":4.224917000000005,"failureMessages":[],"meta":{}},{"ancestorTitles":["SecurityBadge"],"fullName":"SecurityBadge renders both badges when both present","status":"passed","title":"renders both badges when both present","duration":1.793916999999965,"failureMessages":[],"meta":{}},{"ancestorTitles":["SecurityBadge"],"fullName":"SecurityBadge has accessible aria-labels","status":"passed","title":"has accessible aria-labels","duration":1.3821669999999813,"failureMessages":[],"meta":{}},{"ancestorTitles":["SecurityBadge"],"fullName":"SecurityBadge shows count for multiple threats","status":"passed","title":"shows count for multiple threats","duration":0.8653750000000855,"failureMessages":[],"meta":{}},{"ancestorTitles":["SecurityBadge"],"fullName":"SecurityBadge has cursor:help for tooltip hint","status":"passed","title":"has cursor:help for tooltip hint","duration":0.862250000000131,"failureMessages":[],"meta":{}}],"startTime":1773024774690,"endTime":1773024774721.8623,"status":"passed","message":"","name":"/Users/jorge/Documents/Apps/omnimon_apps/macmon/v4/apps/desktop/src/components/__tests__/SecurityBadge.test.ts"},{"assertionResults":[{"ancestorTitles":["SecurityReportView"],"fullName":"SecurityReportView renders Security Report title","status":"passed","title":"renders Security Report title","duration":43.03695800000014,"failureMessages":[],"meta":{}},{"ancestorTitles":["SecurityReportView"],"fullName":"SecurityReportView shows healthy message when no findings","status":"passed","title":"shows healthy message when no findings","duration":3.3279170000000704,"failureMessages":[],"meta":{}},{"ancestorTitles":["SecurityReportView"],"fullName":"SecurityReportView shows None Risk when no findings","status":"passed","title":"shows None Risk when no findings","duration":4.517957999999908,"failureMessages":[],"meta":{}},{"ancestorTitles":["SecurityReportView"],"fullName":"SecurityReportView shows findings when threats present","status":"passed","title":"shows findings when threats present","duration":5.511250000000018,"failureMessages":[],"meta":{}},{"ancestorTitles":["SecurityReportView"],"fullName":"SecurityReportView runs quick scan and renders scan stats","status":"passed","title":"runs quick scan and renders scan stats","duration":207.19399999999996,"failureMessages":[],"meta":{}},{"ancestorTitles":["SecurityReportView"],"fullName":"SecurityReportView shows CVE findings","status":"passed","title":"shows CVE findings","duration":3.2223750000002838,"failureMessages":[],"meta":{}},{"ancestorTitles":["SecurityReportView"],"fullName":"SecurityReportView expands finding detail on click","status":"passed","title":"expands finding detail on click","duration":22.713916000000154,"failureMessages":[],"meta":{}},{"ancestorTitles":["SecurityReportView"],"fullName":"SecurityReportView calls onclose when close button clicked","status":"passed","title":"calls onclose when close button clicked","duration":4.81191600000011,"failureMessages":[],"meta":{}},{"ancestorTitles":["SecurityReportView"],"fullName":"SecurityReportView calls onclose when backdrop clicked","status":"passed","title":"calls onclose when backdrop clicked","duration":3.584792000000107,"failureMessages":[],"meta":{}},{"ancestorTitles":["SecurityReportView"],"fullName":"SecurityReportView shows process and findings count in meta","status":"passed","title":"shows process and findings count in meta","duration":4.653374999999869,"failureMessages":[],"meta":{}},{"ancestorTitles":["SecurityReportView"],"fullName":"SecurityReportView calculates risk score from findings","status":"passed","title":"calculates risk score from findings","duration":3.82549999999992,"failureMessages":[],"meta":{}},{"ancestorTitles":["SecurityReportView"],"fullName":"SecurityReportView sorts findings by severity","status":"passed","title":"sorts findings by severity","duration":3.524249999999938,"failureMessages":[],"meta":{}}],"startTime":1773024773182,"endTime":1773024773492.5242,"status":"passed","message":"","name":"/Users/jorge/Documents/Apps/omnimon_apps/macmon/v4/apps/desktop/src/components/__tests__/SecurityReportView.test.ts"},{"assertionResults":[{"ancestorTitles":["SmartAlerts"],"fullName":"SmartAlerts renderiza lista de alertas","status":"passed","title":"renderiza lista de alertas","duration":72.50699999999983,"failureMessages":[],"meta":{}},{"ancestorTitles":["SmartAlerts"],"fullName":"SmartAlerts permite dismiss de alerta","status":"passed","title":"permite dismiss de alerta","duration":8.639458000000104,"failureMessages":[],"meta":{}},{"ancestorTitles":["SmartAlerts"],"fullName":"SmartAlerts muestra estado vacio","status":"passed","title":"muestra estado vacio","duration":0.8125420000001213,"failureMessages":[],"meta":{}}],"startTime":1773024774262,"endTime":1773024774343.8125,"status":"passed","message":"","name":"/Users/jorge/Documents/Apps/omnimon_apps/macmon/v4/apps/desktop/src/components/__tests__/SmartAlerts.test.ts"},{"assertionResults":[{"ancestorTitles":["SystemDashboard"],"fullName":"SystemDashboard renders nothing when stats is null","status":"passed","title":"renders nothing when stats is null","duration":30.15379199999984,"failureMessages":[],"meta":{}},{"ancestorTitles":["SystemDashboard"],"fullName":"SystemDashboard renders nothing when collapsed","status":"passed","title":"renders nothing when collapsed","duration":1.132916000000023,"failureMessages":[],"meta":{}},{"ancestorTitles":["SystemDashboard"],"fullName":"SystemDashboard renders CPU, RAM, Network cards when stats present","status":"passed","title":"renders CPU, RAM, Network cards when stats present","duration":18.797624999999925,"failureMessages":[],"meta":{}},{"ancestorTitles":["SystemDashboard"],"fullName":"SystemDashboard shows average CPU percentage","status":"passed","title":"shows average CPU percentage","duration":2.497500000000173,"failureMessages":[],"meta":{}},{"ancestorTitles":["SystemDashboard"],"fullName":"SystemDashboard shows RAM percentage and total","status":"passed","title":"shows RAM percentage and total","duration":2.314000000000078,"failureMessages":[],"meta":{}},{"ancestorTitles":["SystemDashboard"],"fullName":"SystemDashboard formats network rates as MB/s","status":"passed","title":"formats network rates as MB/s","duration":2.2477499999999964,"failureMessages":[],"meta":{}},{"ancestorTitles":["SystemDashboard"],"fullName":"SystemDashboard formats network rates as KB/s","status":"passed","title":"formats network rates as KB/s","duration":2.0779589999999644,"failureMessages":[],"meta":{}},{"ancestorTitles":["SystemDashboard"],"fullName":"SystemDashboard formats network rates as B/s","status":"passed","title":"formats network rates as B/s","duration":1.8945000000001073,"failureMessages":[],"meta":{}},{"ancestorTitles":["SystemDashboard"],"fullName":"SystemDashboard shows swap, process count, and idle count","status":"passed","title":"shows swap, process count, and idle count","duration":25.978584000000183,"failureMessages":[],"meta":{}},{"ancestorTitles":["SystemDashboard"],"fullName":"SystemDashboard renders canvas elements for charts","status":"passed","title":"renders canvas elements for charts","duration":5.601916999999958,"failureMessages":[],"meta":{}}],"startTime":1773024774295,"endTime":1773024774388.6018,"status":"passed","message":"","name":"/Users/jorge/Documents/Apps/omnimon_apps/macmon/v4/apps/desktop/src/components/__tests__/SystemDashboard.test.ts"},{"assertionResults":[{"ancestorTitles":["SystemMetricModal"],"fullName":"SystemMetricModal renderiza sin errores","status":"passed","title":"renderiza sin errores","duration":51.941082999999935,"failureMessages":[],"meta":{}}],"startTime":1773024774478,"endTime":1773024774529.9412,"status":"passed","message":"","name":"/Users/jorge/Documents/Apps/omnimon_apps/macmon/v4/apps/desktop/src/components/__tests__/SystemMetricModal.test.ts"},{"assertionResults":[{"ancestorTitles":["ToastContainer"],"fullName":"ToastContainer renders nothing when no toasts","status":"passed","title":"renders nothing when no toasts","duration":22.414833000000044,"failureMessages":[],"meta":{}},{"ancestorTitles":["ToastContainer"],"fullName":"ToastContainer renders a toast with title","status":"passed","title":"renders a toast with title","duration":4.9692079999999805,"failureMessages":[],"meta":{}},{"ancestorTitles":["ToastContainer"],"fullName":"ToastContainer renders toast message when provided","status":"passed","title":"renders toast message when provided","duration":1.7173750000001746,"failureMessages":[],"meta":{}},{"ancestorTitles":["ToastContainer"],"fullName":"ToastContainer renders correct icon for each level","status":"passed","title":"renders correct icon for each level","duration":2.116999999999962,"failureMessages":[],"meta":{}},{"ancestorTitles":["ToastContainer"],"fullName":"ToastContainer calls dismissToast when dismiss button clicked","status":"passed","title":"calls dismissToast when dismiss button clicked","duration":2.379957999999988,"failureMessages":[],"meta":{}},{"ancestorTitles":["ToastContainer"],"fullName":"ToastContainer renders multiple toasts","status":"passed","title":"renders multiple toasts","duration":1.162375000000111,"failureMessages":[],"meta":{}},{"ancestorTitles":["ToastContainer"],"fullName":"ToastContainer has aria-live polite for accessibility","status":"passed","title":"has aria-live polite for accessibility","duration":0.5077089999999771,"failureMessages":[],"meta":{}},{"ancestorTitles":["ToastContainer"],"fullName":"ToastContainer applies level-specific CSS class","status":"passed","title":"applies level-specific CSS class","duration":3.0700829999998405,"failureMessages":[],"meta":{}}],"startTime":1773024774478,"endTime":1773024774516.07,"status":"passed","message":"","name":"/Users/jorge/Documents/Apps/omnimon_apps/macmon/v4/apps/desktop/src/components/__tests__/ToastContainer.test.ts"},{"assertionResults":[{"ancestorTitles":["validateConfigPatch"],"fullName":"validateConfigPatch accepts valid config changes","status":"passed","title":"accepts valid config changes","duration":1.118541999999934,"failureMessages":[],"meta":{}},{"ancestorTitles":["validateConfigPatch"],"fullName":"validateConfigPatch accepts valid theme change","status":"passed","title":"accepts valid theme change","duration":0.12304200000005494,"failureMessages":[],"meta":{}},{"ancestorTitles":["validateConfigPatch"],"fullName":"validateConfigPatch rejects non-object input","status":"passed","title":"rejects non-object input","duration":0.6407090000000153,"failureMessages":[],"meta":{}},{"ancestorTitles":["validateConfigPatch"],"fullName":"validateConfigPatch throws on immutable key access (apiKey)","status":"passed","title":"throws on immutable key access (apiKey)","duration":0.12400000000002365,"failureMessages":[],"meta":{}},{"ancestorTitles":["validateConfigPatch"],"fullName":"validateConfigPatch throws on immutable key access (provider)","status":"passed","title":"throws on immutable key access (provider)","duration":0.11866600000007566,"failureMessages":[],"meta":{}},{"ancestorTitles":["validateConfigPatch"],"fullName":"validateConfigPatch throws on immutable key access (crabNebulaKey)","status":"passed","title":"throws on immutable key access (crabNebulaKey)","duration":0.10483399999998255,"failureMessages":[],"meta":{}},{"ancestorTitles":["validateConfigPatch"],"fullName":"validateConfigPatch silently ignores unknown keys","status":"passed","title":"silently ignores unknown keys","duration":0.0832909999999174,"failureMessages":[],"meta":{}},{"ancestorTitles":["validateConfigPatch"],"fullName":"validateConfigPatch validates idleThreshold range","status":"passed","title":"validates idleThreshold range","duration":0.21412499999996726,"failureMessages":[],"meta":{}},{"ancestorTitles":["validateConfigPatch"],"fullName":"validateConfigPatch validates fontSize as integer in range","status":"passed","title":"validates fontSize as integer in range","duration":0.2583750000000009,"failureMessages":[],"meta":{}},{"ancestorTitles":["validateConfigPatch"],"fullName":"validateConfigPatch validates theme enum","status":"passed","title":"validates theme enum","duration":0.14058399999998983,"failureMessages":[],"meta":{}},{"ancestorTitles":["validateConfigPatch"],"fullName":"validateConfigPatch validates locale enum","status":"passed","title":"validates locale enum","duration":0.14112499999998818,"failureMessages":[],"meta":{}},{"ancestorTitles":["validateConfigPatch"],"fullName":"validateConfigPatch validates aiProfile enum","status":"passed","title":"validates aiProfile enum","duration":0.11316600000009203,"failureMessages":[],"meta":{}},{"ancestorTitles":["validateAlertRule"],"fullName":"validateAlertRule accepts a valid alert rule","status":"passed","title":"accepts a valid alert rule","duration":0.11362499999995634,"failureMessages":[],"meta":{}},{"ancestorTitles":["validateAlertRule"],"fullName":"validateAlertRule accepts rule with processName","status":"passed","title":"accepts rule with processName","duration":0.09445800000003146,"failureMessages":[],"meta":{}},{"ancestorTitles":["validateAlertRule"],"fullName":"validateAlertRule rejects invalid metric","status":"passed","title":"rejects invalid metric","duration":0.06775000000004638,"failureMessages":[],"meta":{}},{"ancestorTitles":["validateAlertRule"],"fullName":"validateAlertRule rejects invalid operator","status":"passed","title":"rejects invalid operator","duration":0.06683399999997164,"failureMessages":[],"meta":{}},{"ancestorTitles":["validateAlertRule"],"fullName":"validateAlertRule rejects negative threshold","status":"passed","title":"rejects negative threshold","duration":0.06112499999994725,"failureMessages":[],"meta":{}},{"ancestorTitles":["validateAlertRule"],"fullName":"validateAlertRule rejects invalid action","status":"passed","title":"rejects invalid action","duration":0.05854099999999107,"failureMessages":[],"meta":{}},{"ancestorTitles":["validateAlertRule"],"fullName":"validateAlertRule rejects non-object input","status":"passed","title":"rejects non-object input","duration":0.09379100000001017,"failureMessages":[],"meta":{}},{"ancestorTitles":["detectPromptInjection"],"fullName":"detectPromptInjection detects 'ignore previous instructions'","status":"passed","title":"detects 'ignore previous instructions'","duration":0.13991699999996854,"failureMessages":[],"meta":{}},{"ancestorTitles":["detectPromptInjection"],"fullName":"detectPromptInjection detects 'you are now a' pattern","status":"passed","title":"detects 'you are now a' pattern","duration":0.11441699999988941,"failureMessages":[],"meta":{}},{"ancestorTitles":["detectPromptInjection"],"fullName":"detectPromptInjection detects 'system:' prefix","status":"passed","title":"detects 'system:' prefix","duration":0.07474999999999454,"failureMessages":[],"meta":{}},{"ancestorTitles":["detectPromptInjection"],"fullName":"detectPromptInjection detects attempts to set api keys","status":"passed","title":"detects attempts to set api keys","duration":0.2549579999999878,"failureMessages":[],"meta":{}},{"ancestorTitles":["detectPromptInjection"],"fullName":"detectPromptInjection allows normal configuration requests","status":"passed","title":"allows normal configuration requests","duration":0.21141599999998562,"failureMessages":[],"meta":{}},{"ancestorTitles":["detectPromptInjection"],"fullName":"detectPromptInjection allows normal questions","status":"passed","title":"allows normal questions","duration":0.040042000000084954,"failureMessages":[],"meta":{}},{"ancestorTitles":["buildConfigPrompt"],"fullName":"buildConfigPrompt includes current config without immutable keys","status":"passed","title":"includes current config without immutable keys","duration":0.2237079999999878,"failureMessages":[],"meta":{}},{"ancestorTitles":["buildConfigPrompt"],"fullName":"buildConfigPrompt includes instructions about available settings","status":"passed","title":"includes instructions about available settings","duration":0.05691699999999855,"failureMessages":[],"meta":{}}],"startTime":1773024775036,"endTime":1773024775041.2236,"status":"passed","message":"","name":"/Users/jorge/Documents/Apps/omnimon_apps/macmon/v4/apps/desktop/src/lib/__tests__/aiConfigBridge.test.ts"},{"assertionResults":[{"ancestorTitles":["confirm"],"fullName":"confirm abre el dialogo y resuelve true al confirmar","status":"passed","title":"abre el dialogo y resuelve true al confirmar","duration":1.786542000000054,"failureMessages":[],"meta":{}}],"startTime":1773024775105,"endTime":1773024775106.7866,"status":"passed","message":"","name":"/Users/jorge/Documents/Apps/omnimon_apps/macmon/v4/apps/desktop/src/lib/__tests__/confirm.test.ts"},{"assertionResults":[{"ancestorTitles":["i18n"],"fullName":"i18n renders English by default","status":"passed","title":"renders English by default","duration":1.340915999999993,"failureMessages":[],"meta":{}},{"ancestorTitles":["i18n"],"fullName":"i18n applies Spanish when locale changes","status":"passed","title":"applies Spanish when locale changes","duration":0.16762500000004366,"failureMessages":[],"meta":{}},{"ancestorTitles":["i18n"],"fullName":"i18n falls back to key when translation does not exist","status":"passed","title":"falls back to key when translation does not exist","duration":0.11804099999994833,"failureMessages":[],"meta":{}},{"ancestorTitles":["i18n"],"fullName":"i18n interpolates params in translation strings","status":"passed","title":"interpolates params in translation strings","duration":0.276834000000008,"failureMessages":[],"meta":{}},{"ancestorTitles":["i18n"],"fullName":"i18n initializes locale from saved preference","status":"passed","title":"initializes locale from saved preference","duration":0.109958000000006,"failureMessages":[],"meta":{}},{"ancestorTitles":["i18n"],"fullName":"i18n changes locale store directly","status":"passed","title":"changes locale store directly","duration":0.08825000000001637,"failureMessages":[],"meta":{}},{"ancestorTitles":["i18n"],"fullName":"i18n resolves auto locale from navigator","status":"passed","title":"resolves auto locale from navigator","duration":1.0471659999999474,"failureMessages":[],"meta":{}},{"ancestorTitles":["i18n"],"fullName":"i18n keeps locale in app state via localePreference store","status":"passed","title":"keeps locale in app state via localePreference store","duration":0.20304200000009587,"failureMessages":[],"meta":{}}],"startTime":1773024775079,"endTime":1773024775082.2031,"status":"passed","message":"","name":"/Users/jorge/Documents/Apps/omnimon_apps/macmon/v4/apps/desktop/src/lib/__tests__/i18n.test.ts"},{"assertionResults":[{"ancestorTitles":["ipcGetMetrics"],"fullName":"ipcGetMetrics returns validated metrics on valid data","status":"passed","title":"returns validated metrics on valid data","duration":2.267959000000019,"failureMessages":[],"meta":{}},{"ancestorTitles":["ipcGetMetrics"],"fullName":"ipcGetMetrics rejects null response","status":"passed","title":"rejects null response","duration":0.8054580000000442,"failureMessages":[],"meta":{}},{"ancestorTitles":["ipcGetMetrics"],"fullName":"ipcGetMetrics rejects non-array processes","status":"passed","title":"rejects non-array processes","duration":0.1786659999999074,"failureMessages":[],"meta":{}},{"ancestorTitles":["ipcGetMetrics"],"fullName":"ipcGetMetrics rejects process with string pid","status":"passed","title":"rejects process with string pid","duration":0.12387499999999818,"failureMessages":[],"meta":{}},{"ancestorTitles":["ipcGetMetrics"],"fullName":"ipcGetMetrics rejects process entry that is not an object","status":"passed","title":"rejects process entry that is not an object","duration":0.11320799999998599,"failureMessages":[],"meta":{}},{"ancestorTitles":["ipcGetMetrics"],"fullName":"ipcGetMetrics rejects process with NaN ram_mb","status":"passed","title":"rejects process with NaN ram_mb","duration":0.1163330000000542,"failureMessages":[],"meta":{}},{"ancestorTitles":["ipcGetMetrics"],"fullName":"ipcGetMetrics rejects process with Infinity cpu_pct","status":"passed","title":"rejects process with Infinity cpu_pct","duration":0.10754199999996672,"failureMessages":[],"meta":{}},{"ancestorTitles":["ipcGetMetrics"],"fullName":"ipcGetMetrics rejects process with non-boolean is_system","status":"passed","title":"rejects process with non-boolean is_system","duration":0.10129200000005767,"failureMessages":[],"meta":{}},{"ancestorTitles":["ipcGetMetrics"],"fullName":"ipcGetMetrics rejects stats with missing ram_total_gb","status":"passed","title":"rejects stats with missing ram_total_gb","duration":0.12562499999989996,"failureMessages":[],"meta":{}},{"ancestorTitles":["ipcGetMetrics"],"fullName":"ipcGetMetrics rejects stats as null","status":"passed","title":"rejects stats as null","duration":0.13658300000008694,"failureMessages":[],"meta":{}},{"ancestorTitles":["ipcKillProcess"],"fullName":"ipcKillProcess returns true on valid boolean response","status":"passed","title":"returns true on valid boolean response","duration":0.08824999999990268,"failureMessages":[],"meta":{}},{"ancestorTitles":["ipcKillProcess"],"fullName":"ipcKillProcess rejects non-boolean response","status":"passed","title":"rejects non-boolean response","duration":0.08650000000000091,"failureMessages":[],"meta":{}},{"ancestorTitles":["ipcKillProcesses"],"fullName":"ipcKillProcesses returns KillProcessesResult on valid response","status":"passed","title":"returns KillProcessesResult on valid response","duration":0.47908299999994597,"failureMessages":[],"meta":{}},{"ancestorTitles":["ipcKillProcesses"],"fullName":"ipcKillProcesses returns result with partial failures","status":"passed","title":"returns result with partial failures","duration":0.12249999999994543,"failureMessages":[],"meta":{}},{"ancestorTitles":["ipcKillProcesses"],"fullName":"ipcKillProcesses rejects flat array response (old format)","status":"passed","title":"rejects flat array response (old format)","duration":0.10145799999997962,"failureMessages":[],"meta":{}},{"ancestorTitles":["ipcKillProcesses"],"fullName":"ipcKillProcesses rejects non-object response","status":"passed","title":"rejects non-object response","duration":0.07062499999994998,"failureMessages":[],"meta":{}},{"ancestorTitles":["ipcKillProcesses"],"fullName":"ipcKillProcesses rejects when killed is not an array","status":"passed","title":"rejects when killed is not an array","duration":0.060875000000010004,"failureMessages":[],"meta":{}},{"ancestorTitles":["ipcKillProcesses"],"fullName":"ipcKillProcesses rejects when failed is not an array","status":"passed","title":"rejects when failed is not an array","duration":0.06420800000000781,"failureMessages":[],"meta":{}},{"ancestorTitles":["ipcKillProcesses"],"fullName":"ipcKillProcesses rejects killed array containing strings","status":"passed","title":"rejects killed array containing strings","duration":0.057916999999974905,"failureMessages":[],"meta":{}},{"ancestorTitles":["ipcKillProcesses"],"fullName":"ipcKillProcesses rejects failed entry with wrong tuple shape","status":"passed","title":"rejects failed entry with wrong tuple shape","duration":0.05599999999992633,"failureMessages":[],"meta":{}},{"ancestorTitles":["ipcKillProcesses"],"fullName":"ipcKillProcesses rejects failed entry with non-number pid","status":"passed","title":"rejects failed entry with non-number pid","duration":0.05683399999998073,"failureMessages":[],"meta":{}},{"ancestorTitles":["ipcKillProcesses"],"fullName":"ipcKillProcesses rejects failed entry with non-string reason","status":"passed","title":"rejects failed entry with non-string reason","duration":0.07370800000001054,"failureMessages":[],"meta":{}},{"ancestorTitles":["ipcGetBrowserTabs"],"fullName":"ipcGetBrowserTabs returns validated browser tabs on valid data","status":"passed","title":"returns validated browser tabs on valid data","duration":0.48316700000009405,"failureMessages":[],"meta":{}},{"ancestorTitles":["ipcGetBrowserTabs"],"fullName":"ipcGetBrowserTabs rejects non-array response","status":"passed","title":"rejects non-array response","duration":0.06658299999992323,"failureMessages":[],"meta":{}},{"ancestorTitles":["ipcGetBrowserTabs"],"fullName":"ipcGetBrowserTabs rejects invalid tab payload","status":"passed","title":"rejects invalid tab payload","duration":0.05945899999994708,"failureMessages":[],"meta":{}},{"ancestorTitles":["ipcGetBrowserTabs"],"fullName":"ipcGetBrowserTabs rejects tab entry that is not an object","status":"passed","title":"rejects tab entry that is not an object","duration":0.04866700000002311,"failureMessages":[],"meta":{}},{"ancestorTitles":["ipcGetBrowserTabs"],"fullName":"ipcGetBrowserTabs rejects tab with unknown browser name","status":"passed","title":"rejects tab with unknown browser name","duration":0.30804200000000037,"failureMessages":[],"meta":{}},{"ancestorTitles":["ipcGetBrowserTabs"],"fullName":"ipcGetBrowserTabs supports delayed IPC response (latency)","status":"passed","title":"supports delayed IPC response (latency)","duration":1.843417000000045,"failureMessages":[],"meta":{}},{"ancestorTitles":["ipcGetBrowserTabs"],"fullName":"ipcGetBrowserTabs propagates tauri errors like denied AppleScript permissions","status":"passed","title":"propagates tauri errors like denied AppleScript permissions","duration":4.138916999999992,"failureMessages":[],"meta":{}},{"ancestorTitles":["ipcCloseBrowserTab"],"fullName":"ipcCloseBrowserTab returns true on valid boolean response","status":"passed","title":"returns true on valid boolean response","duration":0.391666999999984,"failureMessages":[],"meta":{}},{"ancestorTitles":["ipcCloseBrowserTab"],"fullName":"ipcCloseBrowserTab rejects non-boolean response","status":"passed","title":"rejects non-boolean response","duration":0.08112499999992906,"failureMessages":[],"meta":{}},{"ancestorTitles":["ipcCloseBrowserTab"],"fullName":"ipcCloseBrowserTab propagates close errors like denied AppleScript permissions","status":"passed","title":"propagates close errors like denied AppleScript permissions","duration":0.3489999999999327,"failureMessages":[],"meta":{}},{"ancestorTitles":["ipcFocusBrowserTab"],"fullName":"ipcFocusBrowserTab returns true on valid boolean response","status":"passed","title":"returns true on valid boolean response","duration":0.15016700000001038,"failureMessages":[],"meta":{}},{"ancestorTitles":["ipcFocusBrowserTab"],"fullName":"ipcFocusBrowserTab rejects non-boolean response","status":"passed","title":"rejects non-boolean response","duration":0.05883300000004965,"failureMessages":[],"meta":{}},{"ancestorTitles":["ipcAnalyzeContext"],"fullName":"ipcAnalyzeContext returns AI text when backend responds with a string","status":"passed","title":"returns AI text when backend responds with a string","duration":0.07129200000008495,"failureMessages":[],"meta":{}},{"ancestorTitles":["ipcAnalyzeContext"],"fullName":"ipcAnalyzeContext rejects non-string payloads","status":"passed","title":"rejects non-string payloads","duration":0.053167000000030384,"failureMessages":[],"meta":{}},{"ancestorTitles":["ipcSaveAiConfig"],"fullName":"ipcSaveAiConfig calls invoke with correct params","status":"passed","title":"calls invoke with correct params","duration":0.11254200000007586,"failureMessages":[],"meta":{}},{"ancestorTitles":["ipcSaveAiConfig"],"fullName":"ipcSaveAiConfig propagates errors","status":"passed","title":"propagates errors","duration":0.2856249999999818,"failureMessages":[],"meta":{}},{"ancestorTitles":["ipcSaveAiConfig"],"fullName":"ipcSaveAiConfig propagates tauri transport failures","status":"passed","title":"propagates tauri transport failures","duration":0.23958300000003874,"failureMessages":[],"meta":{}},{"ancestorTitles":["ipcValidateApiKey"],"fullName":"ipcValidateApiKey returns true on simulated 200 OK","status":"passed","title":"returns true on simulated 200 OK","duration":0.14979200000004766,"failureMessages":[],"meta":{}},{"ancestorTitles":["ipcValidateApiKey"],"fullName":"ipcValidateApiKey returns false on simulated invalid key","status":"passed","title":"returns false on simulated invalid key","duration":0.0555419999999458,"failureMessages":[],"meta":{}},{"ancestorTitles":["ipcValidateApiKey"],"fullName":"ipcValidateApiKey rejects non-boolean validation payload","status":"passed","title":"rejects non-boolean validation payload","duration":0.05654200000003584,"failureMessages":[],"meta":{}},{"ancestorTitles":["ipcValidateApiKey"],"fullName":"ipcValidateApiKey propagates simulated 401 Unauthorized from Tauri","status":"passed","title":"propagates simulated 401 Unauthorized from Tauri","duration":0.21783399999992525,"failureMessages":[],"meta":{}},{"ancestorTitles":["ipcCheckApiKey"],"fullName":"ipcCheckApiKey returns boolean state from secure storage","status":"passed","title":"returns boolean state from secure storage","duration":0.1331670000000713,"failureMessages":[],"meta":{}},{"ancestorTitles":["ipcCheckApiKey"],"fullName":"ipcCheckApiKey rejects malformed responses","status":"passed","title":"rejects malformed responses","duration":0.05674999999996544,"failureMessages":[],"meta":{}},{"ancestorTitles":["ipcAnalyzeProcesses"],"fullName":"ipcAnalyzeProcesses returns validated suggestions on valid data","status":"passed","title":"returns validated suggestions on valid data","duration":0.2356249999999136,"failureMessages":[],"meta":{}},{"ancestorTitles":["ipcAnalyzeProcesses"],"fullName":"ipcAnalyzeProcesses rejects non-array response","status":"passed","title":"rejects non-array response","duration":0.0569590000000062,"failureMessages":[],"meta":{}},{"ancestorTitles":["ipcAnalyzeProcesses"],"fullName":"ipcAnalyzeProcesses rejects suggestion with missing name","status":"passed","title":"rejects suggestion with missing name","duration":0.05600000000004002,"failureMessages":[],"meta":{}},{"ancestorTitles":["ipcAnalyzeProcesses"],"fullName":"ipcAnalyzeProcesses rejects suggestion with non-numeric pid","status":"passed","title":"rejects suggestion with non-numeric pid","duration":0.0532500000000482,"failureMessages":[],"meta":{}},{"ancestorTitles":["ipcAnalyzeProcesses"],"fullName":"ipcAnalyzeProcesses rejects suggestion that is not an object","status":"passed","title":"rejects suggestion that is not an object","duration":0.04825000000005275,"failureMessages":[],"meta":{}},{"ancestorTitles":["ipcAnalyzeProcesses"],"fullName":"ipcAnalyzeProcesses propagates API errors","status":"passed","title":"propagates API errors","duration":0.22308299999997416,"failureMessages":[],"meta":{}},{"ancestorTitles":["ipcAnalyzeProcesses"],"fullName":"ipcAnalyzeProcesses propagates tauri backend erro
[...]
ect when cpu_pct changes","status":"passed","title":"creates new object when cpu_pct changes","duration":0.6233339999999998,"failureMessages":[],"meta":{}},{"ancestorTitles":["applyDiff"],"fullName":"applyDiff creates new object when ram_mb changes","status":"passed","title":"creates new object when ram_mb changes","duration":0.12016699999992397,"failureMessages":[],"meta":{}},{"ancestorTitles":["applyDiff"],"fullName":"applyDiff creates new object when state changes","status":"passed","title":"creates new object when state changes","duration":0.09166700000002947,"failureMessages":[],"meta":{}},{"ancestorTitles":["applyDiff"],"fullName":"applyDiff creates new object when idle changes","status":"passed","title":"creates new object when idle changes","duration":0.10133300000006784,"failureMessages":[],"meta":{}},{"ancestorTitles":["applyDiff"],"fullName":"applyDiff adds new PIDs","status":"passed","title":"adds new PIDs","duration":0.5095830000000205,"failureMessages":[],"meta":{}},{"ancestorTitles":["applyDiff"],"fullName":"applyDiff removes dead PIDs (not in incoming)","status":"passed","title":"removes dead PIDs (not in incoming)","duration":0.1426249999999527,"failureMessages":[],"meta":{}},{"ancestorTitles":["applyDiff"],"fullName":"applyDiff handles empty arrays","status":"passed","title":"handles empty arrays","duration":0.09024999999996908,"failureMessages":[],"meta":{}},{"ancestorTitles":["fetchMetrics"],"fullName":"fetchMetrics populates processes and stats on success","status":"passed","title":"populates processes and stats on success","duration":1.3598749999999882,"failureMessages":[],"meta":{}},{"ancestorTitles":["fetchMetrics"],"fullName":"fetchMetrics sets loading to false even on error","status":"passed","title":"sets loading to false even on error","duration":4.85816699999998,"failureMessages":[],"meta":{}},{"ancestorTitles":["fetchMetrics"],"fullName":"fetchMetrics handles null metrics response via IPC validation failure","status":"passed","title":"handles null metrics response via IPC validation failure","duration":5.0837080000000014,"failureMessages":[],"meta":{}},{"ancestorTitles":["fetchMetrics"],"fullName":"fetchMetrics prunes selected PIDs that are no longer alive","status":"passed","title":"prunes selected PIDs that are no longer alive","duration":0.21587499999998272,"failureMessages":[],"meta":{}},{"ancestorTitles":["fetchMetrics"],"fullName":"fetchMetrics applies diff instead of replacing array","status":"passed","title":"applies diff instead of replacing array","duration":0.1526249999999436,"failureMessages":[],"meta":{}},{"ancestorTitles":["fetchMetrics"],"fullName":"fetchMetrics does not crash on empty IPC response array","status":"passed","title":"does not crash on empty IPC response array","duration":0.08004199999993489,"failureMessages":[],"meta":{}},{"ancestorTitles":["fetchMetrics"],"fullName":"fetchMetrics keeps metrics flow healthy when browser tab fetch is denied","status":"passed","title":"keeps metrics flow healthy when browser tab fetch is denied","duration":0.20199999999999818,"failureMessages":[],"meta":{}},{"ancestorTitles":["fetchMetrics"],"fullName":"fetchMetrics supports delayed IPC metrics response (latency)","status":"passed","title":"supports delayed IPC metrics response (latency)","duration":1.9238340000000562,"failureMessages":[],"meta":{}},{"ancestorTitles":["fetchMetrics"],"fullName":"fetchMetrics retains existing processes on IPC error","status":"passed","title":"retains existing processes on IPC error","duration":0.512042000000065,"failureMessages":[],"meta":{}},{"ancestorTitles":["killSelected"],"fullName":"killSelected returns killed PIDs and removes them from store","status":"passed","title":"returns killed PIDs and removes them from store","duration":0.5089580000000069,"failureMessages":[],"meta":{}},{"ancestorTitles":["killSelected"],"fullName":"killSelected handles partial kill","status":"passed","title":"handles partial kill","duration":0.13366599999994833,"failureMessages":[],"meta":{}},{"ancestorTitles":["killSelected"],"fullName":"killSelected reports partial failures via toast","status":"passed","title":"reports partial failures via toast","duration":0.19666700000004766,"failureMessages":[],"meta":{}},{"ancestorTitles":["killSelected"],"fullName":"killSelected returns empty array on error","status":"passed","title":"returns empty array on error","duration":0.3478749999999309,"failureMessages":[],"meta":{}},{"ancestorTitles":["killSelected"],"fullName":"killSelected returns empty array when nothing selected","status":"passed","title":"returns empty array when nothing selected","duration":0.17145799999991596,"failureMessages":[],"meta":{}},{"ancestorTitles":["killSelected"],"fullName":"killSelected returns empty array when user cancels confirmation","status":"passed","title":"returns empty array when user cancels confirmation","duration":0.13487499999996544,"failureMessages":[],"meta":{}},{"ancestorTitles":["killSingle"],"fullName":"killSingle removes process on success","status":"passed","title":"removes process on success","duration":0.2235000000000582,"failureMessages":[],"meta":{}},{"ancestorTitles":["killSingle"],"fullName":"killSingle returns false on IPC failure","status":"passed","title":"returns false on IPC failure","duration":0.3151659999999765,"failureMessages":[],"meta":{}},{"ancestorTitles":["killSingle"],"fullName":"killSingle does not remove process when IPC returns false","status":"passed","title":"does not remove process when IPC returns false","duration":0.10645799999997507,"failureMessages":[],"meta":{}},{"ancestorTitles":["killSingle"],"fullName":"killSingle returns false when user cancels confirmation","status":"passed","title":"returns false when user cancels confirmation","duration":0.10570899999993344,"failureMessages":[],"meta":{}},{"ancestorTitles":["killSingle"],"fullName":"killSingle keeps other selected PIDs unchanged when killed PID was not selected","status":"passed","title":"keeps other selected PIDs unchanged when killed PID was not selected","duration":0.08991699999990033,"failureMessages":[],"meta":{}},{"ancestorTitles":["toggleSelect"],"fullName":"toggleSelect adds pid when not selected","status":"passed","title":"adds pid when not selected","duration":0.06429200000002311,"failureMessages":[],"meta":{}},{"ancestorTitles":["toggleSelect"],"fullName":"toggleSelect removes pid when already selected","status":"passed","title":"removes pid when already selected","duration":0.04224999999996726,"failureMessages":[],"meta":{}},{"ancestorTitles":["selectAllVisible"],"fullName":"selectAllVisible selects all non-system visible processes","status":"passed","title":"selects all non-system visible processes","duration":0.15354100000001836,"failureMessages":[],"meta":{}},{"ancestorTitles":["selectAllVisible"],"fullName":"selectAllVisible respects search filter","status":"passed","title":"respects search filter","duration":0.09283300000004147,"failureMessages":[],"meta":{}},{"ancestorTitles":["selectNone"],"fullName":"selectNone clears all selections","status":"passed","title":"clears all selections","duration":0.29304100000001654,"failureMessages":[],"meta":{}},{"ancestorTitles":["derived stores"],"fullName":"derived stores filtered returns all processes when search is empty","status":"passed","title":"filtered returns all processes when search is empty","duration":0.19437500000003638,"failureMessages":[],"meta":{}},{"ancestorTitles":["derived stores"],"fullName":"derived stores filtered matches by name","status":"passed","title":"filtered matches by name","duration":0.6887920000000349,"failureMessages":[],"meta":{}},{"ancestorTitles":["derived stores"],"fullName":"derived stores filtered supports special characters and emoji names","status":"passed","title":"filtered supports special characters and emoji names","duration":0.10354199999994762,"failureMessages":[],"meta":{}},{"ancestorTitles":["derived stores"],"fullName":"derived stores chromeProcesses filters by Browser group","status":"passed","title":"chromeProcesses filters by Browser group","duration":0.12875000000008185,"failureMessages":[],"meta":{}},{"ancestorTitles":["derived stores"],"fullName":"derived stores selectedCount tracks size of selectedPids","status":"passed","title":"selectedCount tracks size of selectedPids","duration":0.05312499999990905,"failureMessages":[],"meta":{}},{"ancestorTitles":["derived stores"],"fullName":"derived stores selectedRamMB sums RAM of selected PIDs","status":"passed","title":"selectedRamMB sums RAM of selected PIDs","duration":0.08241699999996399,"failureMessages":[],"meta":{}},{"ancestorTitles":["analyzeWithAi"],"fullName":"analyzeWithAi sets suggestions on success","status":"passed","title":"sets suggestions on success","duration":0.5632909999999356,"failureMessages":[],"meta":{}},{"ancestorTitles":["analyzeWithAi"],"fullName":"analyzeWithAi sets error on API failure","status":"passed","title":"sets error on API failure","duration":0.3700410000000147,"failureMessages":[],"meta":{}},{"ancestorTitles":["analyzeWithAi"],"fullName":"analyzeWithAi stringifies non-Error failures","status":"passed","title":"stringifies non-Error failures","duration":0.0961250000000291,"failureMessages":[],"meta":{}},{"ancestorTitles":["analyzeWithAi"],"fullName":"analyzeWithAi maps keyring-like errors to friendly setup message","status":"passed","title":"maps keyring-like errors to friendly setup message","duration":0.2151250000000573,"failureMessages":[],"meta":{}},{"ancestorTitles":["analyzeWithAi"],"fullName":"analyzeWithAi passes current profile and provider/model to IPC","status":"passed","title":"passes current profile and provider/model to IPC","duration":0.09287500000004911,"failureMessages":[],"meta":{}},{"ancestorTitles":["analyzeWithAi"],"fullName":"analyzeWithAi uses defaults when no provider/model given","status":"passed","title":"uses defaults when no provider/model given","duration":0.07474999999999454,"failureMessages":[],"meta":{}},{"ancestorTitles":["analyzeWithAi"],"fullName":"analyzeWithAi sets loading during execution","status":"passed","title":"sets loading during execution","duration":0.09325000000001182,"failureMessages":[],"meta":{}},{"ancestorTitles":["dismissAiSuggestions"],"fullName":"dismissAiSuggestions clears suggestions and error","status":"passed","title":"clears suggestions and error","duration":0.0667079999999487,"failureMessages":[],"meta":{}},{"ancestorTitles":["saveAiConfigAction"],"fullName":"saveAiConfigAction forwards provider/model/key to IPC","status":"passed","title":"forwards provider/model/key to IPC","duration":0.12070800000003601,"failureMessages":[],"meta":{}},{"ancestorTitles":["saveAiConfigAction"],"fullName":"saveAiConfigAction bubbles tauri save errors","status":"passed","title":"bubbles tauri save errors","duration":0.8937500000000682,"failureMessages":[],"meta":{}},{"ancestorTitles":["polling"],"fullName":"polling startPolling calls fetchMetrics immediately and registers listener","status":"passed","title":"startPolling calls fetchMetrics immediately and registers listener","duration":1.168292000000065,"failureMessages":[],"meta":{}},{"ancestorTitles":["polling"],"fullName":"polling stopPolling stops unlistens metrics","status":"passed","title":"stopPolling stops unlistens metrics","duration":2.210916999999995,"failureMessages":[],"meta":{}},{"ancestorTitles":["polling"],"fullName":"polling can disable browser tab polling while keeping push polling active","status":"passed","title":"can disable browser tab polling while keeping push polling active","duration":0.49491699999998673,"failureMessages":[],"meta":{}},{"ancestorTitles":["polling"],"fullName":"polling starts network polling only when the target is enabled","status":"passed","title":"starts network polling only when the target is enabled","duration":0.6243329999999787,"failureMessages":[],"meta":{}}],"startTime":1773024774379,"endTime":1773024774408.6243,"status":"passed","message":"","name":"/Users/jorge/Documents/Apps/omnimon_apps/macmon/v4/apps/desktop/src/stores/__tests__/processes.test.ts"},{"assertionResults":[{"ancestorTitles":["security store"],"fullName":"security store starts empty","status":"passed","title":"starts empty","duration":1.5027919999999995,"failureMessages":[],"meta":{}},{"ancestorTitles":["security store","refreshSecurityAnalysis"],"fullName":"security store refreshSecurityAnalysis flags no processes for normal apps","status":"passed","title":"flags no processes for normal apps","duration":0.47574999999994816,"failureMessages":[],"meta":{}},{"ancestorTitles":["security store","refreshSecurityAnalysis"],"fullName":"security store refreshSecurityAnalysis detects mimikatz as credential-access threat","status":"passed","title":"detects mimikatz as credential-access threat","duration":0.6326249999999618,"failureMessages":[],"meta":{}},{"ancestorTitles":["security store","refreshSecurityAnalysis"],"fullName":"security store refreshSecurityAnalysis detects netcat as suspicious","status":"passed","title":"detects netcat as suspicious","duration":0.14008300000000418,"failureMessages":[],"meta":{}},{"ancestorTitles":["security store","refreshSecurityAnalysis"],"fullName":"security store refreshSecurityAnalysis detects rundll32 as defense-evasion","status":"passed","title":"detects rundll32 as defense-evasion","duration":0.13083300000005238,"failureMessages":[],"meta":{}},{"ancestorTitles":["security store","refreshSecurityAnalysis"],"fullName":"security store refreshSecurityAnalysis matches known CVEs by process name","status":"passed","title":"matches known CVEs by process name","duration":0.17962499999998727,"failureMessages":[],"meta":{}},{"ancestorTitles":["security store","refreshSecurityAnalysis"],"fullName":"security store refreshSecurityAnalysis matches openssl CVE","status":"passed","title":"matches openssl CVE","duration":0.0891669999999749,"failureMessages":[],"meta":{}},{"ancestorTitles":["security store","refreshSecurityAnalysis"],"fullName":"security store refreshSecurityAnalysis matches httpd CVE","status":"passed","title":"matches httpd CVE","duration":0.075458000000026,"failureMessages":[],"meta":{}},{"ancestorTitles":["security store","refreshSecurityAnalysis"],"fullName":"security store refreshSecurityAnalysis totalFindings counts threats + cves","status":"passed","title":"totalFindings counts threats + cves","duration":0.09429199999999582,"failureMessages":[],"meta":{}},{"ancestorTitles":["security store","refreshSecurityAnalysis"],"fullName":"security store refreshSecurityAnalysis clears stale entries on re-analysis","status":"passed","title":"clears stale entries on re-analysis","duration":0.12791700000002493,"failureMessages":[],"meta":{}},{"ancestorTitles":["security store","refreshNetworkConnections"],"fullName":"security store refreshNetworkConnections derives connections from browser tabs (fallback when backend unavailable)","status":"passed","title":"derives connections from browser tabs (fallback when backend unavailable)","duration":6.121375000000057,"failureMessages":[],"meta":{}},{"ancestorTitles":["security store","refreshNetworkConnections"],"fullName":"security store refreshNetworkConnections handles http URLs with port 80","status":"passed","title":"handles http URLs with port 80","duration":0.3921659999999747,"failureMessages":[],"meta":{}},{"ancestorTitles":["security store","refreshNetworkConnections"],"fullName":"security store refreshNetworkConnections skips invalid URLs gracefully","status":"passed","title":"skips invalid URLs gracefully","duration":0.3294579999999314,"failureMessages":[],"meta":{}},{"ancestorTitles":["security store","refreshNetworkConnections"],"fullName":"security store refreshNetworkConnections assigns pid 0 when no matching browser process","status":"passed","title":"assigns pid 0 when no matching browser process","duration":0.29033300000003237,"failureMessages":[],"meta":{}},{"ancestorTitles":["security store","refreshNetworkConnections"],"fullName":"security store refreshNetworkConnections stores telemetry status when backend data is unavailable and fallback is used","status":"passed","title":"stores telemetry status when backend data is unavailable and fallback is used","duration":0.28445799999997234,"failureMessages":[],"meta":{}},{"ancestorTitles":["security store","getSecurityForPid"],"fullName":"security store getSecurityForPid returns undefined for safe process","status":"passed","title":"returns undefined for safe process","duration":0.08829099999991286,"failureMessages":[],"meta":{}},{"ancestorTitles":["security store","getSecurityForPid"],"fullName":"security store getSecurityForPid returns security info for flagged process","status":"passed","title":"returns security info for flagged process","duration":0.1347920000000613,"failureMessages":[],"meta":{}},{"ancestorTitles":["security store","severityRank"],"fullName":"security store severityRank ranks critical highest","status":"passed","title":"ranks critical highest","duration":0.09550000000001546,"failureMessages":[],"meta":{}},{"ancestorTitles":["security store","severityColor"],"fullName":"security store severityColor returns danger for critical/high","status":"passed","title":"returns danger for critical/high","duration":0.057792000000063126,"failureMessages":[],"meta":{}},{"ancestorTitles":["security store","severityColor"],"fullName":"security store severityColor returns yellow for medium","status":"passed","title":"returns yellow for medium","duration":0.03758299999992687,"failureMessages":[],"meta":{}},{"ancestorTitles":["security store","severityColor"],"fullName":"security store severityColor returns dim for low/null","status":"passed","title":"returns dim for low/null","duration":0.0426670000000513,"failureMessages":[],"meta":{}}],"startTime":1773024774953,"endTime":1773024774964.2844,"status":"passed","message":"","name":"/Users/jorge/Documents/Apps/omnimon_apps/macmon/v4/apps/desktop/src/stores/__tests__/security.test.ts"},{"assertionResults":[{"ancestorTitles":["toasts store"],"fullName":"toasts store starts with no toasts","status":"passed","title":"starts with no toasts","duration":2.1215419999999767,"failureMessages":[],"meta":{}},{"ancestorTitles":["toasts store"],"fullName":"toasts store addToast creates a toast and returns an id","status":"passed","title":"addToast creates a toast and returns an id","duration":1.0566670000000613,"failureMessages":[],"meta":{}},{"ancestorTitles":["toasts store"],"fullName":"toasts store addToast with message and custom duration","status":"passed","title":"addToast with message and custom duration","duration":0.25708300000007966,"failureMessages":[],"meta":{}},{"ancestorTitles":["toasts store"],"fullName":"toasts store dismissToast removes by id","status":"passed","title":"dismissToast removes by id","duration":0.37104199999998855,"failureMessages":[],"meta":{}},{"ancestorTitles":["toasts store"],"fullName":"toasts store auto-dismisses after duration","status":"passed","title":"auto-dismisses after duration","duration":0.5190419999998994,"failureMessages":[],"meta":{}},{"ancestorTitles":["toasts store"],"fullName":"toasts store sticky toast (duration 0) does not auto-dismiss","status":"passed","title":"sticky toast (duration 0) does not auto-dismiss","duration":0.23366699999996854,"failureMessages":[],"meta":{}},{"ancestorTitles":["toasts store"],"fullName":"toasts store convenience wrappers set correct levels","status":"passed","title":"convenience wrappers set correct levels","duration":0.28550000000007003,"failureMessages":[],"meta":{}},{"ancestorTitles":["toasts store"],"fullName":"toasts store error toast defaults to 6s duration","status":"passed","title":"error toast defaults to 6s duration","duration":0.15108299999997143,"failureMessages":[],"meta":{}}],"startTime":1773024775046,"endTime":1773024775051.2854,"status":"passed","message":"","name":"/Users/jorge/Documents/Apps/omnimon_apps/macmon/v4/apps/desktop/src/stores/__tests__/toasts.test.ts"}]}
